2023-05-18 16:03:40.530  INFO 26288 --- [main] com.example.SpringBootStudyApplication   : Starting SpringBootStudyApplication using Java 1.8.0_362 on Hyperion with PID 26288 (D:\JavaCode\Java8\spring-boot-study\target\classes started by 20350 in D:\JavaCode\Java8)
2023-05-18 16:03:40.532  INFO 26288 --- [main] com.example.SpringBootStudyApplication   : The following 1 profile is active: "dev"
2023-05-18 16:03:41.173  INFO 26288 --- [main] o.s.b.w.embedded.tomcat.TomcatWebServer  : Tomcat initialized with port(s): 8080 (http)
2023-05-18 16:03:41.178  INFO 26288 --- [main] o.apache.catalina.core.StandardService   : Starting service [Tomcat]
2023-05-18 16:03:41.179  INFO 26288 --- [main] org.apache.catalina.core.StandardEngine  : Starting Servlet engine: [Apache Tomcat/9.0.74]
2023-05-18 16:03:41.256  INFO 26288 --- [main] o.a.c.c.C.[Tomcat].[localhost].[/]       : Initializing Spring embedded WebApplicationContext
2023-05-18 16:03:41.256  INFO 26288 --- [main] w.s.c.ServletWebServerApplicationContext : Root WebApplicationContext: initialization completed in 700 ms
2023-05-18 16:03:41.452  INFO 26288 --- [main] o.s.s.web.DefaultSecurityFilterChain     : Will secure any request with [org.springframework.security.web.session.DisableEncodeUrlFilter@6c806c8b, org.springframework.security.web.context.request.async.WebAsyncManagerIntegrationFilter@6dfcffb5, org.springframework.security.web.context.SecurityContextPersistenceFilter@4417af13, org.springframework.security.web.header.HeaderWriterFilter@2cc04358, org.springframework.security.web.authentication.logout.LogoutFilter@379ce046, org.springframework.security.web.authentication.UsernamePasswordAuthenticationFilter@ca93621, org.springframework.security.web.savedrequest.RequestCacheAwareFilter@548d5ed3, org.springframework.security.web.servletapi.SecurityContextHolderAwareRequestFilter@58516c91, org.springframework.security.web.authentication.AnonymousAuthenticationFilter@184fb68d, org.springframework.security.web.session.SessionManagementFilter@45e22def, org.springframework.security.web.access.ExceptionTranslationFilter@38b5f25, org.springframework.security.web.access.intercept.FilterSecurityInterceptor@7a1f45ed]
2023-05-18 16:03:41.523  INFO 26288 --- [main] o.s.b.a.w.s.WelcomePageHandlerMapping    : Adding welcome page template: index
2023-05-18 16:03:41.668  INFO 26288 --- [main] o.s.b.w.embedded.tomcat.TomcatWebServer  : Tomcat started on port(s): 8080 (http) with context path ''
2023-05-18 16:03:41.673  INFO 26288 --- [main] com.example.SpringBootStudyApplication   : Started SpringBootStudyApplication in 1.453 seconds (JVM running for 2.069)
2023-05-18 16:04:39.730  INFO 26288 --- [http-nio-8080-exec-1] o.a.c.c.C.[Tomcat].[localhost].[/]       : Initializing Spring DispatcherServlet 'dispatcherServlet'
2023-05-18 16:04:39.730  INFO 26288 --- [http-nio-8080-exec-1] o.s.web.servlet.DispatcherServlet        : Initializing Servlet 'dispatcherServlet'
2023-05-18 16:04:39.730  INFO 26288 --- [http-nio-8080-exec-1] o.s.web.servlet.DispatcherServlet        : Completed initialization in 0 ms
2023-05-18 23:21:52.182  INFO 5056 --- [main] com.example.SpringBootStudyApplication   : Starting SpringBootStudyApplication using Java 1.8.0_362 on Hyperion with PID 5056 (D:\JavaCode\Java8\spring-boot-study\target\classes started by 20350 in D:\JavaCode\Java8)
2023-05-18 23:21:52.184  INFO 5056 --- [main] com.example.SpringBootStudyApplication   : The following 1 profile is active: "prod"
2023-05-18 23:21:52.775  INFO 5056 --- [main] o.s.b.w.embedded.tomcat.TomcatWebServer  : Tomcat initialized with port(s): 80 (http)
2023-05-18 23:21:52.779  INFO 5056 --- [main] o.apache.catalina.core.StandardService   : Starting service [Tomcat]
2023-05-18 23:21:52.779  INFO 5056 --- [main] org.apache.catalina.core.StandardEngine  : Starting Servlet engine: [Apache Tomcat/9.0.74]
2023-05-18 23:21:52.831  INFO 5056 --- [main] o.a.c.c.C.[Tomcat].[localhost].[/]       : Initializing Spring embedded WebApplicationContext
2023-05-18 23:21:52.832  INFO 5056 --- [main] w.s.c.ServletWebServerApplicationContext : Root WebApplicationContext: initialization completed in 621 ms
2023-05-18 23:21:52.991  INFO 5056 --- [main] o.s.s.web.DefaultSecurityFilterChain     : Will secure any request with [org.springframework.security.web.session.DisableEncodeUrlFilter@e4b6f47, org.springframework.security.web.context.request.async.WebAsyncManagerIntegrationFilter@763cf5b9, org.springframework.security.web.context.SecurityContextPersistenceFilter@5b275174, org.springframework.security.web.header.HeaderWriterFilter@4726927c, org.springframework.security.web.csrf.CsrfFilter@7d5508e0, org.springframework.security.web.authentication.logout.LogoutFilter@3cf7298d, org.springframework.security.web.authentication.UsernamePasswordAuthenticationFilter@31ff6309, org.springframework.security.web.authentication.ui.DefaultLoginPageGeneratingFilter@2f651f93, org.springframework.security.web.authentication.ui.DefaultLogoutPageGeneratingFilter@71f0b72e, org.springframework.security.web.savedrequest.RequestCacheAwareFilter@244e619a, org.springframework.security.web.servletapi.SecurityContextHolderAwareRequestFilter@61dde151, org.springframework.security.web.authentication.AnonymousAuthenticationFilter@7a34f66a, org.springframework.security.web.session.SessionManagementFilter@7ed9499e, org.springframework.security.web.access.ExceptionTranslationFilter@51ce6f85, org.springframework.security.web.access.intercept.FilterSecurityInterceptor@702c436b]
2023-05-18 23:21:53.060  INFO 5056 --- [main] o.s.b.a.w.s.WelcomePageHandlerMapping    : Adding welcome page template: index
2023-05-18 23:21:53.190  INFO 5056 --- [main] o.s.b.w.embedded.tomcat.TomcatWebServer  : Tomcat started on port(s): 80 (http) with context path ''
2023-05-18 23:21:53.196  INFO 5056 --- [main] com.example.SpringBootStudyApplication   : Started SpringBootStudyApplication in 1.304 seconds (JVM running for 1.787)
