2023-05-17 21:10:30.494  INFO 57248 --- [main] com.example.SpringBootStudyApplication   : Starting SpringBootStudyApplication using Java 1.8.0_362 on Hyperion with PID 57248 (D:\JavaCode\Java8\spring-boot-study\target\classes started by 20350 in D:\JavaCode\Java8)
2023-05-17 21:10:30.496  INFO 57248 --- [main] com.example.SpringBootStudyApplication   : No active profile set, falling back to 1 default profile: "default"
2023-05-17 21:10:30.993  INFO 57248 --- [main] o.s.b.w.embedded.tomcat.TomcatWebServer  : Tomcat initialized with port(s): 8080 (http)
2023-05-17 21:10:30.997  INFO 57248 --- [main] o.apache.catalina.core.StandardService   : Starting service [Tomcat]
2023-05-17 21:10:30.997  INFO 57248 --- [main] org.apache.catalina.core.StandardEngine  : Starting Servlet engine: [Apache Tomcat/9.0.74]
2023-05-17 21:10:31.043  INFO 57248 --- [main] o.a.c.c.C.[Tomcat].[localhost].[/]       : Initializing Spring embedded WebApplicationContext
2023-05-17 21:10:31.043  INFO 57248 --- [main] w.s.c.ServletWebServerApplicationContext : Root WebApplicationContext: initialization completed in 526 ms
2023-05-17 21:10:31.208  INFO 57248 --- [main] o.s.s.web.DefaultSecurityFilterChain     : Will secure any request with [org.springframework.security.web.session.DisableEncodeUrlFilter@43da41e, org.springframework.security.web.context.request.async.WebAsyncManagerIntegrationFilter@148c7c4b, org.springframework.security.web.context.SecurityContextPersistenceFilter@7c9bdee9, org.springframework.security.web.header.HeaderWriterFilter@624a24f6, org.springframework.security.web.csrf.CsrfFilter@4b2e3e8f, org.springframework.security.web.authentication.logout.LogoutFilter@5ec46cdd, org.springframework.security.web.authentication.UsernamePasswordAuthenticationFilter@6240651f, org.springframework.security.web.authentication.ui.DefaultLoginPageGeneratingFilter@6b2e0f78, org.springframework.security.web.authentication.ui.DefaultLogoutPageGeneratingFilter@2009f9b0, org.springframework.security.web.savedrequest.RequestCacheAwareFilter@2f98635e, org.springframework.security.web.servletapi.SecurityContextHolderAwareRequestFilter@6b0615ae, org.springframework.security.web.authentication.AnonymousAuthenticationFilter@50d951e7, org.springframework.security.web.session.SessionManagementFilter@338cc75f, org.springframework.security.web.access.ExceptionTranslationFilter@440eaa07, org.springframework.security.web.access.intercept.FilterSecurityInterceptor@747d1932]
2023-05-17 21:10:31.293  INFO 57248 --- [main] o.s.b.a.w.s.WelcomePageHandlerMapping    : Adding welcome page template: index
2023-05-17 21:10:31.499  INFO 57248 --- [main] o.s.b.w.embedded.tomcat.TomcatWebServer  : Tomcat started on port(s): 8080 (http) with context path ''
2023-05-17 21:10:31.507  INFO 57248 --- [main] com.example.SpringBootStudyApplication   : Started SpringBootStudyApplication in 1.243 seconds (JVM running for 1.705)
2023-05-17 22:01:42.107  INFO 59644 --- [main] com.example.SpringBootStudyApplication   : Starting SpringBootStudyApplication using Java 1.8.0_362 on Hyperion with PID 59644 (D:\JavaCode\Java8\spring-boot-study\target\classes started by 20350 in D:\JavaCode\Java8)
2023-05-17 22:01:42.109  INFO 59644 --- [main] com.example.SpringBootStudyApplication   : No active profile set, falling back to 1 default profile: "default"
2023-05-17 22:01:42.604  INFO 59644 --- [main] o.s.b.w.embedded.tomcat.TomcatWebServer  : Tomcat initialized with port(s): 8080 (http)
2023-05-17 22:01:42.608  INFO 59644 --- [main] o.apache.catalina.core.StandardService   : Starting service [Tomcat]
2023-05-17 22:01:42.608  INFO 59644 --- [main] org.apache.catalina.core.StandardEngine  : Starting Servlet engine: [Apache Tomcat/9.0.74]
2023-05-17 22:01:42.654  INFO 59644 --- [main] o.a.c.c.C.[Tomcat].[localhost].[/]       : Initializing Spring embedded WebApplicationContext
2023-05-17 22:01:42.654  INFO 59644 --- [main] w.s.c.ServletWebServerApplicationContext : Root WebApplicationContext: initialization completed in 524 ms
2023-05-17 22:01:42.809  INFO 59644 --- [main] o.s.s.web.DefaultSecurityFilterChain     : Will secure any request with [org.springframework.security.web.session.DisableEncodeUrlFilter@55a609dd, org.springframework.security.web.context.request.async.WebAsyncManagerIntegrationFilter@4afd21c6, org.springframework.security.web.context.SecurityContextPersistenceFilter@5e746d37, org.springframework.security.web.header.HeaderWriterFilter@64693226, org.springframework.security.web.csrf.CsrfFilter@624a24f6, org.springframework.security.web.authentication.logout.LogoutFilter@263bbfeb, org.springframework.security.web.authentication.UsernamePasswordAuthenticationFilter@7df76d99, org.springframework.security.web.authentication.ui.DefaultLoginPageGeneratingFilter@4da9f723, org.springframework.security.web.authentication.ui.DefaultLogoutPageGeneratingFilter@4d0753c9, org.springframework.security.web.savedrequest.RequestCacheAwareFilter@21d1b321, org.springframework.security.web.servletapi.SecurityContextHolderAwareRequestFilter@2324bfe7, org.springframework.security.web.authentication.AnonymousAuthenticationFilter@1416a80a, org.springframework.security.web.session.SessionManagementFilter@117bcfdc, org.springframework.security.web.access.ExceptionTranslationFilter@240f6c41, org.springframework.security.web.access.intercept.FilterSecurityInterceptor@50d951e7]
2023-05-17 22:01:42.880  INFO 59644 --- [main] o.s.b.a.w.s.WelcomePageHandlerMapping    : Adding welcome page template: index
2023-05-17 22:01:43.008  INFO 59644 --- [main] o.s.b.w.embedded.tomcat.TomcatWebServer  : Tomcat started on port(s): 8080 (http) with context path ''
2023-05-17 22:01:43.014  INFO 59644 --- [main] com.example.SpringBootStudyApplication   : Started SpringBootStudyApplication in 1.129 seconds (JVM running for 1.563)
2023-05-17 22:25:58.625  INFO 59708 --- [main] com.example.SpringBootStudyApplication   : Starting SpringBootStudyApplication using Java 1.8.0_362 on Hyperion with PID 59708 (D:\JavaCode\Java8\spring-boot-study\target\classes started by 20350 in D:\JavaCode\Java8)
2023-05-17 22:25:58.626  INFO 59708 --- [main] com.example.SpringBootStudyApplication   : The following 1 profile is active: "prod"
2023-05-17 22:25:59.155  INFO 59708 --- [main] o.s.b.w.embedded.tomcat.TomcatWebServer  : Tomcat initialized with port(s): 80 (http)
2023-05-17 22:25:59.159  INFO 59708 --- [main] o.apache.catalina.core.StandardService   : Starting service [Tomcat]
2023-05-17 22:25:59.159  INFO 59708 --- [main] org.apache.catalina.core.StandardEngine  : Starting Servlet engine: [Apache Tomcat/9.0.74]
2023-05-17 22:25:59.204  INFO 59708 --- [main] o.a.c.c.C.[Tomcat].[localhost].[/]       : Initializing Spring embedded WebApplicationContext
2023-05-17 22:25:59.205  INFO 59708 --- [main] w.s.c.ServletWebServerApplicationContext : Root WebApplicationContext: initialization completed in 556 ms
2023-05-17 22:25:59.359  INFO 59708 --- [main] o.s.s.web.DefaultSecurityFilterChain     : Will secure any request with [org.springframework.security.web.session.DisableEncodeUrlFilter@43f0c2d1, org.springframework.security.web.context.request.async.WebAsyncManagerIntegrationFilter@5fb65013, org.springframework.security.web.context.SecurityContextPersistenceFilter@4b1a43d8, org.springframework.security.web.header.HeaderWriterFilter@31edeac, org.springframework.security.web.csrf.CsrfFilter@2324bfe7, org.springframework.security.web.authentication.logout.LogoutFilter@21c7208d, org.springframework.security.web.authentication.UsernamePasswordAuthenticationFilter@3c46dcbe, org.springframework.security.web.authentication.ui.DefaultLoginPageGeneratingFilter@1460c81d, org.springframework.security.web.authentication.ui.DefaultLogoutPageGeneratingFilter@38a1a26, org.springframework.security.web.savedrequest.RequestCacheAwareFilter@73545b80, org.springframework.security.web.servletapi.SecurityContextHolderAwareRequestFilter@74db12c2, org.springframework.security.web.authentication.AnonymousAuthenticationFilter@3fbcfe81, org.springframework.security.web.session.SessionManagementFilter@45bb2aa1, org.springframework.security.web.access.ExceptionTranslationFilter@7bebcd65, org.springframework.security.web.access.intercept.FilterSecurityInterceptor@3c782d8e]
2023-05-17 22:25:59.429  INFO 59708 --- [main] o.s.b.a.w.s.WelcomePageHandlerMapping    : Adding welcome page template: index
2023-05-17 22:25:59.551  INFO 59708 --- [main] o.s.b.w.embedded.tomcat.TomcatWebServer  : Tomcat started on port(s): 80 (http) with context path ''
2023-05-17 22:25:59.557  INFO 59708 --- [main] com.example.SpringBootStudyApplication   : Started SpringBootStudyApplication in 1.191 seconds (JVM running for 1.637)
2023-05-17 22:26:16.041  INFO 59708 --- [http-nio-80-exec-1] o.a.c.c.C.[Tomcat].[localhost].[/]       : Initializing Spring DispatcherServlet 'dispatcherServlet'
2023-05-17 22:26:16.041  INFO 59708 --- [http-nio-80-exec-1] o.s.web.servlet.DispatcherServlet        : Initializing Servlet 'dispatcherServlet'
2023-05-17 22:26:16.042  INFO 59708 --- [http-nio-80-exec-1] o.s.web.servlet.DispatcherServlet        : Completed initialization in 1 ms
2023-05-17 22:26:33.268  INFO 56344 --- [main] com.example.SpringBootStudyApplication   : Starting SpringBootStudyApplication using Java 1.8.0_362 on Hyperion with PID 56344 (D:\JavaCode\Java8\spring-boot-study\target\classes started by 20350 in D:\JavaCode\Java8)
2023-05-17 22:26:33.270  INFO 56344 --- [main] com.example.SpringBootStudyApplication   : The following 1 profile is active: "dev"
2023-05-17 22:26:33.781  INFO 56344 --- [main] o.s.b.w.embedded.tomcat.TomcatWebServer  : Tomcat initialized with port(s): 8080 (http)
2023-05-17 22:26:33.786  INFO 56344 --- [main] o.apache.catalina.core.StandardService   : Starting service [Tomcat]
2023-05-17 22:26:33.786  INFO 56344 --- [main] org.apache.catalina.core.StandardEngine  : Starting Servlet engine: [Apache Tomcat/9.0.74]
2023-05-17 22:26:33.835  INFO 56344 --- [main] o.a.c.c.C.[Tomcat].[localhost].[/]       : Initializing Spring embedded WebApplicationContext
2023-05-17 22:26:33.836  INFO 56344 --- [main] w.s.c.ServletWebServerApplicationContext : Root WebApplicationContext: initialization completed in 544 ms
2023-05-17 22:26:34.004  INFO 56344 --- [main] o.s.s.web.DefaultSecurityFilterChain     : Will secure any request with [org.springframework.security.web.session.DisableEncodeUrlFilter@43f0c2d1, org.springframework.security.web.context.request.async.WebAsyncManagerIntegrationFilter@5fb65013, org.springframework.security.web.context.SecurityContextPersistenceFilter@4b1a43d8, org.springframework.security.web.header.HeaderWriterFilter@31edeac, org.springframework.security.web.csrf.CsrfFilter@2324bfe7, org.springframework.security.web.authentication.logout.LogoutFilter@21c7208d, org.springframework.security.web.authentication.UsernamePasswordAuthenticationFilter@3c46dcbe, org.springframework.security.web.authentication.ui.DefaultLoginPageGeneratingFilter@1460c81d, org.springframework.security.web.authentication.ui.DefaultLogoutPageGeneratingFilter@38a1a26, org.springframework.security.web.savedrequest.RequestCacheAwareFilter@73545b80, org.springframework.security.web.servletapi.SecurityContextHolderAwareRequestFilter@74db12c2, org.springframework.security.web.authentication.AnonymousAuthenticationFilter@3fbcfe81, org.springframework.security.web.session.SessionManagementFilter@45bb2aa1, org.springframework.security.web.access.ExceptionTranslationFilter@7bebcd65, org.springframework.security.web.access.intercept.FilterSecurityInterceptor@3c782d8e]
2023-05-17 22:26:34.079  INFO 56344 --- [main] o.s.b.a.w.s.WelcomePageHandlerMapping    : Adding welcome page template: index
2023-05-17 22:26:34.202  INFO 56344 --- [main] o.s.b.w.embedded.tomcat.TomcatWebServer  : Tomcat started on port(s): 8080 (http) with context path ''
2023-05-17 22:26:34.208  INFO 56344 --- [main] com.example.SpringBootStudyApplication   : Started SpringBootStudyApplication in 1.191 seconds (JVM running for 1.635)
2023-05-17 22:26:43.233  INFO 56344 --- [http-nio-8080-exec-1] o.a.c.c.C.[Tomcat].[localhost].[/]       : Initializing Spring DispatcherServlet 'dispatcherServlet'
2023-05-17 22:26:43.233  INFO 56344 --- [http-nio-8080-exec-1] o.s.web.servlet.DispatcherServlet        : Initializing Servlet 'dispatcherServlet'
2023-05-17 22:26:43.234  INFO 56344 --- [http-nio-8080-exec-1] o.s.web.servlet.DispatcherServlet        : Completed initialization in 1 ms
2023-05-17 22:37:22.218  INFO 49548 --- [main] com.example.SpringBootStudyApplication   : Starting SpringBootStudyApplication using Java 1.8.0_362 on Hyperion with PID 49548 (D:\JavaCode\Java8\spring-boot-study\target\classes started by 20350 in D:\JavaCode\Java8)
2023-05-17 22:37:22.220  INFO 49548 --- [main] com.example.SpringBootStudyApplication   : The following 1 profile is active: "dev"
2023-05-17 22:37:22.723  INFO 49548 --- [main] o.s.b.w.embedded.tomcat.TomcatWebServer  : Tomcat initialized with port(s): 8080 (http)
2023-05-17 22:37:22.727  INFO 49548 --- [main] o.apache.catalina.core.StandardService   : Starting service [Tomcat]
2023-05-17 22:37:22.727  INFO 49548 --- [main] org.apache.catalina.core.StandardEngine  : Starting Servlet engine: [Apache Tomcat/9.0.74]
2023-05-17 22:37:22.773  INFO 49548 --- [main] o.a.c.c.C.[Tomcat].[localhost].[/]       : Initializing Spring embedded WebApplicationContext
2023-05-17 22:37:22.773  INFO 49548 --- [main] w.s.c.ServletWebServerApplicationContext : Root WebApplicationContext: initialization completed in 530 ms
2023-05-17 22:37:22.931  INFO 49548 --- [main] o.s.s.web.DefaultSecurityFilterChain     : Will secure any request with [org.springframework.security.web.session.DisableEncodeUrlFilter@12ffd1de, org.springframework.security.web.context.request.async.WebAsyncManagerIntegrationFilter@3d278b4d, org.springframework.security.web.context.SecurityContextPersistenceFilter@68b58644, org.springframework.security.web.header.HeaderWriterFilter@327ed9f5, org.springframework.security.web.csrf.CsrfFilter@47447ccf, org.springframework.security.web.authentication.logout.LogoutFilter@367d2816, org.springframework.security.web.authentication.UsernamePasswordAuthenticationFilter@1c6c6f24, org.springframework.security.web.authentication.ui.DefaultLoginPageGeneratingFilter@5a8cbffe, org.springframework.security.web.authentication.ui.DefaultLogoutPageGeneratingFilter@4096aa05, org.springframework.security.web.savedrequest.RequestCacheAwareFilter@6ae3fb94, org.springframework.security.web.servletapi.SecurityContextHolderAwareRequestFilter@d48673, org.springframework.security.web.authentication.AnonymousAuthenticationFilter@9d3c67, org.springframework.security.web.session.SessionManagementFilter@756b58a7, org.springframework.security.web.access.ExceptionTranslationFilter@b174a73, org.springframework.security.web.access.intercept.FilterSecurityInterceptor@43f0c2d1]
2023-05-17 22:37:23.001  INFO 49548 --- [main] o.s.b.a.w.s.WelcomePageHandlerMapping    : Adding welcome page template: index
2023-05-17 22:37:23.124  INFO 49548 --- [main] o.s.b.w.embedded.tomcat.TomcatWebServer  : Tomcat started on port(s): 8080 (http) with context path ''
2023-05-17 22:37:23.129  INFO 49548 --- [main] com.example.SpringBootStudyApplication   : Started SpringBootStudyApplication in 1.166 seconds (JVM running for 1.624)
2023-05-17 22:37:45.824  INFO 51436 --- [main] com.example.SpringBootStudyApplication   : Starting SpringBootStudyApplication using Java 1.8.0_362 on Hyperion with PID 51436 (D:\JavaCode\Java8\spring-boot-study\target\classes started by 20350 in D:\JavaCode\Java8)
2023-05-17 22:37:45.825  INFO 51436 --- [main] com.example.SpringBootStudyApplication   : The following 1 profile is active: "dev"
2023-05-17 22:37:46.361  INFO 51436 --- [main] o.s.b.w.embedded.tomcat.TomcatWebServer  : Tomcat initialized with port(s): 8080 (http)
2023-05-17 22:37:46.365  INFO 51436 --- [main] o.apache.catalina.core.StandardService   : Starting service [Tomcat]
2023-05-17 22:37:46.365  INFO 51436 --- [main] org.apache.catalina.core.StandardEngine  : Starting Servlet engine: [Apache Tomcat/9.0.74]
2023-05-17 22:37:46.409  INFO 51436 --- [main] o.a.c.c.C.[Tomcat].[localhost].[/]       : Initializing Spring embedded WebApplicationContext
2023-05-17 22:37:46.409  INFO 51436 --- [main] w.s.c.ServletWebServerApplicationContext : Root WebApplicationContext: initialization completed in 558 ms
2023-05-17 22:37:46.564  INFO 51436 --- [main] o.s.s.web.DefaultSecurityFilterChain     : Will secure any request with [org.springframework.security.web.session.DisableEncodeUrlFilter@12ffd1de, org.springframework.security.web.context.request.async.WebAsyncManagerIntegrationFilter@3d278b4d, org.springframework.security.web.context.SecurityContextPersistenceFilter@68b58644, org.springframework.security.web.header.HeaderWriterFilter@327ed9f5, org.springframework.security.web.csrf.CsrfFilter@47447ccf, org.springframework.security.web.authentication.logout.LogoutFilter@367d2816, org.springframework.security.web.authentication.UsernamePasswordAuthenticationFilter@1c6c6f24, org.springframework.security.web.authentication.ui.DefaultLoginPageGeneratingFilter@5a8cbffe, org.springframework.security.web.authentication.ui.DefaultLogoutPageGeneratingFilter@4096aa05, org.springframework.security.web.savedrequest.RequestCacheAwareFilter@6ae3fb94, org.springframework.security.web.servletapi.SecurityContextHolderAwareRequestFilter@d48673, org.springframework.security.web.authentication.AnonymousAuthenticationFilter@9d3c67, org.springframework.security.web.session.SessionManagementFilter@756b58a7, org.springframework.security.web.access.ExceptionTranslationFilter@b174a73, org.springframework.security.web.access.intercept.FilterSecurityInterceptor@43f0c2d1]
2023-05-17 22:37:46.631  INFO 51436 --- [main] o.s.b.a.w.s.WelcomePageHandlerMapping    : Adding welcome page template: index
2023-05-17 22:37:46.759  INFO 51436 --- [main] o.s.b.w.embedded.tomcat.TomcatWebServer  : Tomcat started on port(s): 8080 (http) with context path ''
2023-05-17 22:37:46.765  INFO 51436 --- [main] com.example.SpringBootStudyApplication   : Started SpringBootStudyApplication in 1.205 seconds (JVM running for 1.741)
2023-05-17 22:38:22.016  INFO 54992 --- [main] com.example.SpringBootStudyApplication   : Starting SpringBootStudyApplication using Java 1.8.0_362 on Hyperion with PID 54992 (D:\JavaCode\Java8\spring-boot-study\target\classes started by 20350 in D:\JavaCode\Java8)
2023-05-17 22:38:22.017  INFO 54992 --- [main] com.example.SpringBootStudyApplication   : The following 1 profile is active: "prod"
2023-05-17 22:38:22.504  INFO 54992 --- [main] o.s.b.w.embedded.tomcat.TomcatWebServer  : Tomcat initialized with port(s): 80 (http)
2023-05-17 22:38:22.508  INFO 54992 --- [main] o.apache.catalina.core.StandardService   : Starting service [Tomcat]
2023-05-17 22:38:22.509  INFO 54992 --- [main] org.apache.catalina.core.StandardEngine  : Starting Servlet engine: [Apache Tomcat/9.0.74]
2023-05-17 22:38:22.553  INFO 54992 --- [main] o.a.c.c.C.[Tomcat].[localhost].[/]       : Initializing Spring embedded WebApplicationContext
2023-05-17 22:38:22.553  INFO 54992 --- [main] w.s.c.ServletWebServerApplicationContext : Root WebApplicationContext: initialization completed in 514 ms
2023-05-17 22:38:22.703  INFO 54992 --- [main] o.s.s.web.DefaultSecurityFilterChain     : Will secure any request with [org.springframework.security.web.session.DisableEncodeUrlFilter@12ffd1de, org.springframework.security.web.context.request.async.WebAsyncManagerIntegrationFilter@3d278b4d, org.springframework.security.web.context.SecurityContextPersistenceFilter@68b58644, org.springframework.security.web.header.HeaderWriterFilter@327ed9f5, org.springframework.security.web.csrf.CsrfFilter@47447ccf, org.springframework.security.web.authentication.logout.LogoutFilter@367d2816, org.springframework.security.web.authentication.UsernamePasswordAuthenticationFilter@1c6c6f24, org.springframework.security.web.authentication.ui.DefaultLoginPageGeneratingFilter@5a8cbffe, org.springframework.security.web.authentication.ui.DefaultLogoutPageGeneratingFilter@4096aa05, org.springframework.security.web.savedrequest.RequestCacheAwareFilter@6ae3fb94, org.springframework.security.web.servletapi.SecurityContextHolderAwareRequestFilter@d48673, org.springframework.security.web.authentication.AnonymousAuthenticationFilter@9d3c67, org.springframework.security.web.session.SessionManagementFilter@756b58a7, org.springframework.security.web.access.ExceptionTranslationFilter@b174a73, org.springframework.security.web.access.intercept.FilterSecurityInterceptor@43f0c2d1]
2023-05-17 22:38:22.767  INFO 54992 --- [main] o.s.b.a.w.s.WelcomePageHandlerMapping    : Adding welcome page template: index
2023-05-17 22:38:22.890  INFO 54992 --- [main] o.s.b.w.embedded.tomcat.TomcatWebServer  : Tomcat started on port(s): 80 (http) with context path ''
2023-05-17 22:38:22.896  INFO 54992 --- [main] com.example.SpringBootStudyApplication   : Started SpringBootStudyApplication in 1.121 seconds (JVM running for 1.593)
